****************************************
Report : port
Module : pulpissimo
Mode   : default
Corner : default
Scenario: default
Version: O-2018.06-SP1
Date   : Mon Sep 29 17:28:13 2025
****************************************
                      Pin Cap                    Wire Cap
                   Min          Max           Min          Max
Port      Dir    rise/fall    rise/fall     rise/fall    rise/fall    Attributes
--------------------------------------------------------------------------------
pad_bootsel0
          inout  0.00/0.00    0.00/0.00     0.00/0.00    0.00/0.00
pad_bootsel1
          inout  0.00/0.00    0.00/0.00     0.00/0.00    0.00/0.00
pad_clk_byp_en
          inout  0.00/0.00    0.00/0.00     0.00/0.00    0.00/0.00
pad_hyper_ck
          inout  0.00/0.00    0.00/0.00     0.00/0.00    0.00/0.00
pad_hyper_ckn
          inout  0.00/0.00    0.00/0.00     0.00/0.00    0.00/0.00
pad_hyper_csn[0]
          inout  0.00/0.00    0.00/0.00     0.00/0.00    0.00/0.00
pad_hyper_csn[1]
          inout  0.00/0.00    0.00/0.00     0.00/0.00    0.00/0.00
pad_hyper_dq[0]
          inout  0.00/0.00    0.00/0.00     0.00/0.00    0.00/0.00
pad_hyper_dq[1]
          inout  0.00/0.00    0.00/0.00     0.00/0.00    0.00/0.00
pad_hyper_dq[2]
          inout  0.00/0.00    0.00/0.00     0.00/0.00    0.00/0.00
pad_hyper_dq[3]
          inout  0.00/0.00    0.00/0.00     0.00/0.00    0.00/0.00
pad_hyper_dq[4]
          inout  0.00/0.00    0.00/0.00     0.00/0.00    0.00/0.00
pad_hyper_dq[5]
          inout  0.00/0.00    0.00/0.00     0.00/0.00    0.00/0.00
pad_hyper_dq[6]
          inout  0.00/0.00    0.00/0.00     0.00/0.00    0.00/0.00
pad_hyper_dq[7]
          inout  0.00/0.00    0.00/0.00     0.00/0.00    0.00/0.00
pad_hyper_reset_n
          inout  0.00/0.00    0.00/0.00     0.00/0.00    0.00/0.00
pad_hyper_rwds
          inout  0.00/0.00    0.00/0.00     0.00/0.00    0.00/0.00
pad_io[0] inout  0.00/0.00    0.00/0.00     0.00/0.00    0.00/0.00
pad_io[10]
          inout  0.00/0.00    0.00/0.00     0.00/0.00    0.00/0.00
pad_io[11]
          inout  0.00/0.00    0.00/0.00     0.00/0.00    0.00/0.00
pad_io[12]
          inout  0.00/0.00    0.00/0.00     0.00/0.00    0.00/0.00
pad_io[13]
          inout  0.00/0.00    0.00/0.00     0.00/0.00    0.00/0.00
pad_io[14]
          inout  0.00/0.00    0.00/0.00     0.00/0.00    0.00/0.00
pad_io[15]
          inout  0.00/0.00    0.00/0.00     0.00/0.00    0.00/0.00
pad_io[16]
          inout  0.00/0.00    0.00/0.00     0.00/0.00    0.00/0.00
pad_io[17]
          inout  0.00/0.00    0.00/0.00     0.00/0.00    0.00/0.00
pad_io[18]
          inout  0.00/0.00    0.00/0.00     0.00/0.00    0.00/0.00
pad_io[19]
          inout  0.00/0.00    0.00/0.00     0.00/0.00    0.00/0.00
pad_io[1] inout  0.00/0.00    0.00/0.00     0.00/0.00    0.00/0.00
pad_io[20]
          inout  0.00/0.00    0.00/0.00     0.00/0.00    0.00/0.00
pad_io[21]
          inout  0.00/0.00    0.00/0.00     0.00/0.00    0.00/0.00
pad_io[22]
          inout  0.00/0.00    0.00/0.00     0.00/0.00    0.00/0.00
pad_io[23]
          inout  0.00/0.00    0.00/0.00     0.00/0.00    0.00/0.00
pad_io[24]
          inout  0.00/0.00    0.00/0.00     0.00/0.00    0.00/0.00
pad_io[25]
          inout  0.00/0.00    0.00/0.00     0.00/0.00    0.00/0.00
pad_io[26]
          inout  0.00/0.00    0.00/0.00     0.00/0.00    0.00/0.00
pad_io[27]
          inout  0.00/0.00    0.00/0.00     0.00/0.00    0.00/0.00
pad_io[28]
          inout  0.00/0.00    0.00/0.00     0.00/0.00    0.00/0.00
pad_io[29]
          inout  0.00/0.00    0.00/0.00     0.00/0.00    0.00/0.00
pad_io[2] inout  0.00/0.00    0.00/0.00     0.00/0.00    0.00/0.00
pad_io[30]
          inout  0.00/0.00    0.00/0.00     0.00/0.00    0.00/0.00
pad_io[31]
          inout  0.00/0.00    0.00/0.00     0.00/0.00    0.00/0.00
pad_io[3] inout  0.00/0.00    0.00/0.00     0.00/0.00    0.00/0.00
pad_io[4] inout  0.00/0.00    0.00/0.00     0.00/0.00    0.00/0.00
pad_io[5] inout  0.00/0.00    0.00/0.00     0.00/0.00    0.00/0.00
pad_io[6] inout  0.00/0.00    0.00/0.00     0.00/0.00    0.00/0.00
pad_io[7] inout  0.00/0.00    0.00/0.00     0.00/0.00    0.00/0.00
pad_io[8] inout  0.00/0.00    0.00/0.00     0.00/0.00    0.00/0.00
pad_io[9] inout  0.00/0.00    0.00/0.00     0.00/0.00    0.00/0.00
pad_jtag_tck
          inout  0.00/0.00    0.00/0.00     0.00/0.00    0.00/0.00
pad_jtag_tdi
          inout  0.00/0.00    0.00/0.00     0.00/0.00    0.00/0.00
pad_jtag_tdo
          inout  0.00/0.00    0.00/0.00     0.00/0.00    0.00/0.00
pad_jtag_tms
          inout  0.00/0.00    0.00/0.00     0.00/0.00    0.00/0.00
pad_jtag_trstn
          inout  0.00/0.00    0.00/0.00     0.00/0.00    0.00/0.00
pad_ref_clk
          inout  0.00/0.00    0.00/0.00     0.00/0.00    0.00/0.00
pad_reset_n
          inout  0.00/0.00    0.00/0.00     0.00/0.00    0.00/0.00
1
