****************************************
Report : design
        -library
        -netlist
        -floorplan
        -routing
Design : pulpissimo
Version: O-2018.06-SP1
Date   : Mon Oct  6 03:35:02 2025
****************************************
--------------------------------------------------------------------------------
                              LIBRARY INFORMATION
--------------------------------------------------------------------------------

Search path : .

Units : 
    time                : 1.00ns
    resistance          : 1.00MOhm
    capacitance         : 1.00fF
    voltage             : 1.00V
    current             : 1.00uA
    power               : 1.00uW

Tech file : /home/ICer/after_pp/pulp/libraries/SAED32/saed32nm_1p9m_mw.tf

Number of active scenarios 	= 2
Number of inactive scenarios 	= 0

Total number of standard cells 	= 286

Total number of dont_use lib cells 	= 7
Total number of dont_touch lib cells 	= 7

Total number of buffers 	= 11
Total number of inverters 	= 15
Total number of flip-flops 	= 102
Total number of latches 	= 12
Total number of ICGs 		= 12


Library : IO_ndm
  File path : /home/ICer/Desktop/pulpissimo/NDM/IO_ndm/IO_ndm
  Source .db libs :
    saed32io_wb_ff1p16v125c_2p75v : /home/ICer/pulpissimo/SAED32/IO/saed32io_wb_ff1p16v125c_2p75v.db
    saed32io_wb_ff1p16v25c_2p75v : /home/ICer/pulpissimo/SAED32/IO/saed32io_wb_ff1p16v25c_2p75v.db
    saed32io_wb_ff1p16vn40c_2p75v : /home/ICer/pulpissimo/SAED32/IO/saed32io_wb_ff1p16vn40c_2p75v.db
    saed32io_wb_ss0p95v125c_2p25v : /home/ICer/pulpissimo/SAED32/IO/saed32io_wb_ss0p95v125c_2p25v.db
    saed32io_wb_ss0p95v25c_2p25v : /home/ICer/pulpissimo/SAED32/IO/saed32io_wb_ss0p95v25c_2p25v.db
    saed32io_wb_ss0p95vn40c_2p25v : /home/ICer/pulpissimo/SAED32/IO/saed32io_wb_ss0p95vn40c_2p25v.db
    saed32io_wb_tt1p05v125c_2p5v : /home/ICer/pulpissimo/SAED32/IO/saed32io_wb_tt1p05v125c_2p5v.db
    saed32io_wb_tt1p05v25c_2p5v : /home/ICer/pulpissimo/SAED32/IO/saed32io_wb_tt1p05v25c_2p5v.db
    saed32io_wb_tt1p05vn40c_2p5v : /home/ICer/pulpissimo/SAED32/IO/saed32io_wb_tt1p05vn40c_2p5v.db

Library : PLL_ndm
  File path : /home/ICer/Desktop/pulpissimo/NDM/PLL_ndm/PLL_ndm
  Source .db libs :
    saed32pll_ss0p95vn40c_2p25v : /home/ICer/Desktop/pulp/libraries/SAED32/PLL/saed32pll_ss0p95vn40c_2p25v.db

Library : saed32rvt_ss0p95vn40c
  File path : /home/ICer/Desktop/pulpissimo/NDM/STD_ndm/saed32rvt_ss0p95vn40c.ndm
  Source .db libs :
    saed32rvt_ss0p95vn40c : /home/ICer/Desktop/pulp/libraries/SAED32/STD/saed32rvt_ss0p95vn40c.db

Library : SRAM_ndm
  File path : /home/ICer/Desktop/pulpissimo/NDM/SRAM_ndm/SRAM_ndm
  Source .db libs :
    saed32sram_ss0p95vn40c : /home/ICer/Desktop/pulp/libraries/SAED32/SRAM/saed32sram_ss0p95vn40c.db

--------------------------------------------------------------------------------
                              NETLIST INFORMATION
--------------------------------------------------------------------------------

CELL INSTANCE INFORMATION
-----------------------------------------------------------------------------
Cell Instance Type          Count % of         Area  % of siteAreaPerSite
                                  total             total
-----------------------------------------------------------------------------
TOTAL LEAF CELLS          1651810  100  7013706.928   100 unit:27693635  

  Standard cells           195729   11   681500.606     9 unit:2681553  
  Filler cells            1456009   88  2684133.215    38 unit:10561466  
  Diode cells                   0    0        0.000     0 
  Hard macro cells             72    0  3648073.107    52 unit:14450616  
  Soft macro cells              0    0        0.000     0 
    Black box cells             0    0        0.000     0 
  Analog block cells            0    0        0.000     0 
  Pad cells                     0    0        0.000     0 
    Flip-chip pad cells         0    0        0.000     0 
  Cover cells                   0    0        0.000     0 
  Flip-chip driver cells        0    0        0.000     0 
  Corner pad cells              0    0        0.000     0 
  Pad spacer cells              0    0        0.000     0 
  Others                        0    0        0.000     0 

Special cells                   0    0        0.000     0 
  Level shifter                 0    0        0.000     0 
  Isolation                     0    0        0.000     0 
  Switch                        0    0        0.000     0 
  Always on                     0    0        0.000     0 
  Retention                     0    0        0.000     0 
  Tie off                       0    0        0.000     0 

LVT                             0    0        0.000     0 
HVT                             0    0        0.000     0 
Normal VT                       0    0        0.000     0 
Others                    1651810  100  7013706.928   100 unit:27693635  

Netlist cells              195801   11  4329573.713    61 unit:17132169  
Physical only             1456009   88  2684133.215    38 unit:10561466  

Fixed cells                    72    0  3648073.107    52 unit:14450616  
Moveable cells            1651738   99  3365633.821    47 unit:13243019  

Combinational             1617186   97  3124321.043    44 unit:12293507  
Sequential                  34624    2  3889385.885    55 unit:15400128  
Others                          0    0        0.000     0 

Buffer                      17877    1    70355.700     1 unit:276834  
Inverter                    13384    0    23455.712     0 unit:92293  
Buffer/inverter             31261    1    93811.412     1 unit:369127  

Spare cells                     0    0        0.000     0 
ICG cells                       0    0        0.000     0 
Flip-flop cells             33294    2  3882464.527    55 unit:15372894  
Latch cells                  1330    0     6921.358     0 unit:27234  
Antenna cells                   0    0        0.000     0 

Mux logic                    1992    0     6614.098     0 unit:26025  
Double height              420340   25  1163190.149    16 unit:4576894  
Triple height                   0    0        0.000     0 
More than triple height         0    0        0.000     0 

Logic Hierarchies          3625

REFERENCE DESIGN INFORMATION
----------------------------------------------------------------------------------------------
Number of reference designs used:124  
----------------------------------------------------------------------------------------------
Name           Type          Count     Width    Height        Area   PinDens SiteName siteArea
----------------------------------------------------------------------------------------------
SHFILL3_RVT    filler       817368      0.46      1.67       0.762     2.623 unit            3
DHFILLH2_RVT   filler       259477      0.30      3.34       1.017     1.967 unit            4
DHFILLHLHLS11_RVT
               filler       160863      1.67      3.34       5.591     0.537 unit           22
SHFILL1_RVT    filler       118744      0.15      1.67       0.254     7.870 unit            1
SHFILL2_RVT    filler        64878      0.30      1.67       0.508     3.935 unit            2
AO22X1_RVT     lib_cell      41781      1.52      1.67       2.541     2.754 unit           10
DFFARX1_RVT    lib_cell      26725      4.26      1.67       7.116     0.984 unit           28
SHFILL64_RVT   filler        18046      9.73      1.67      16.265     0.123 unit           64
SHFILL128_RVT  filler        16633     19.46      1.67      32.530     0.061 unit          128
AND2X1_RVT     lib_cell      14612      1.22      1.67       2.033     2.459 unit            8
AO221X1_RVT    lib_cell      12503      1.82      1.67       3.050     2.623 unit           12
INVX0_RVT      lib_cell       9802      0.76      1.67       1.271     3.148 unit            5
NAND2X0_RVT    lib_cell       8259      0.91      1.67       1.525     3.279 unit            6
NBUFFX4_RVT    lib_cell       5330      1.52      1.67       2.541     1.574 unit           10
AO222X1_RVT    lib_cell       5260      1.98      1.67       3.304     2.724 unit           13
NBUFFX8_RVT    lib_cell       5144      2.28      1.67       3.812     1.049 unit           15
DELLN1X2_RVT   lib_cell       4168      3.04      1.67       5.083     0.787 unit           20
DFFX1_RVT      lib_cell       4076      3.95      1.67       6.608     0.908 unit           26
AO21X1_RVT     lib_cell       3628      1.52      1.67       2.541     2.361 unit           10
FADDX1_RVT     lib_cell       3314      2.89      1.67       4.829     1.450 unit           19
OR2X1_RVT      lib_cell       3132      1.22      1.67       2.033     2.459 unit            8
NAND3X0_RVT    lib_cell       2575      1.06      1.67       1.779     3.373 unit            7
OA221X1_RVT    lib_cell       2532      1.82      1.67       3.050     2.623 unit           12
XNOR2X1_RVT    lib_cell       2437      2.58      1.67       4.320     1.157 unit           17
DFFASX1_RVT    lib_cell       2250      4.26      1.67       7.116     0.984 unit           28
XOR2X1_RVT     lib_cell       2048      2.58      1.67       4.320     1.157 unit           17
AND3X1_RVT     lib_cell       1979      1.37      1.67       2.287     2.623 unit            9
AO22X2_RVT     lib_cell       1968      1.67      1.67       2.796     2.504 unit           11
MUX21X1_RVT    lib_cell       1927      1.98      1.67       3.304     1.816 unit           13
AND2X2_RVT     lib_cell       1808      1.37      1.67       2.287     2.186 unit            9
NBUFFX2_RVT    lib_cell       1781      1.22      1.67       2.033     1.967 unit            8
NAND4X0_RVT    lib_cell       1761      1.22      1.67       2.033     3.443 unit            8
OA22X1_RVT     lib_cell       1723      1.52      1.67       2.541     2.754 unit           10
OA21X1_RVT     lib_cell       1223      1.52      1.67       2.541     2.361 unit           10
OA222X1_RVT    lib_cell       1218      1.98      1.67       3.304     2.724 unit           13
INVX8_RVT      lib_cell       1159      1.82      1.67       3.050     1.312 unit           12
NOR4X0_RVT     lib_cell       1158      1.82      1.67       3.050     2.295 unit           12
AND2X4_RVT     lib_cell       1118      1.67      1.67       2.796     1.789 unit           11
LATCHX1_RVT    lib_cell       1013      3.04      1.67       5.083     1.180 unit           20
INVX2_RVT      lib_cell        965      0.91      1.67       1.525     2.623 unit            6
AO222X2_RVT    lib_cell        927      2.13      1.67       3.558     2.529 unit           14
INVX4_RVT      lib_cell        871      1.22      1.67       2.033     1.967 unit            8
NAND2X2_RVT    lib_cell        849      1.67      1.67       2.796     1.789 unit           11
HADDX1_RVT     lib_cell        826      1.98      1.67       3.304     1.816 unit           13
NBUFFX32_RVT   lib_cell        769      6.38      1.67      10.674     0.375 unit           42
AO221X2_RVT    lib_cell        768      1.98      1.67       3.304     2.421 unit           13
AND4X1_RVT     lib_cell        727      1.52      1.67       2.541     2.754 unit           10
NOR2X0_RVT     lib_cell        717      1.52      1.67       2.541     1.967 unit           10
NBUFFX16_RVT   lib_cell        677      3.65      1.67       6.099     0.656 unit           24
OR3X1_RVT      lib_cell        608      1.52      1.67       2.541     2.361 unit           10
OR2X2_RVT      lib_cell        503      1.37      1.67       2.287     2.186 unit            9
NOR4X1_RVT     lib_cell        480      1.82      1.67       3.050     2.295 unit           12
NAND2X4_RVT    lib_cell        448      1.98      1.67       3.304     1.513 unit           13
AOI22X1_RVT    lib_cell        392      1.82      1.67       3.050     2.295 unit           12
AND3X2_RVT     lib_cell        329      1.52      1.67       2.541     2.361 unit           10
LATCHX2_RVT    lib_cell        317      3.34      1.67       5.591     1.073 unit           22
OAI21X1_RVT    lib_cell        276      1.82      1.67       3.050     1.967 unit           12
AOI21X1_RVT    lib_cell        276      1.82      1.67       3.050     1.967 unit           12
OR3X2_RVT      lib_cell        274      1.52      1.67       2.541     2.361 unit           10
NAND3X2_RVT    lib_cell        262      1.82      1.67       3.050     1.967 unit           12
AOI222X1_RVT   lib_cell        255      2.28      1.67       3.812     2.361 unit           15
NOR3X0_RVT     lib_cell        246      1.67      1.67       2.796     2.146 unit           11
OR4X1_RVT      lib_cell        236      2.13      1.67       3.558     1.967 unit           14
OR2X4_RVT      lib_cell        235      1.67      1.67       2.796     1.789 unit           11
INVX32_RVT     lib_cell        233      5.47      1.67       9.149     0.437 unit           36
AOI221X1_RVT   lib_cell        230      2.13      1.67       3.558     2.248 unit           14
OAI22X1_RVT    lib_cell        215      1.82      1.67       3.050     2.295 unit           12
AO21X2_RVT     lib_cell        174      1.67      1.67       2.796     2.146 unit           11
OA21X2_RVT     lib_cell        124      1.67      1.67       2.796     2.146 unit           11
AND3X4_RVT     lib_cell        121      1.82      1.67       3.050     1.967 unit           12
DFFARX2_RVT    lib_cell        114      4.56      1.67       7.624     0.918 unit           30
XNOR3X1_RVT    lib_cell        114      3.65      1.67       6.099     0.984 unit           24
IBUFFX32_RVT   lib_cell        102      6.99      1.67      11.691     0.342 unit           46
INVX16_RVT     lib_cell         99      3.04      1.67       5.083     0.787 unit           20
INVX1_RVT      lib_cell         92      0.76      1.67       1.271     3.148 unit            5
OR4X2_RVT      lib_cell         89      2.28      1.67       3.812     1.836 unit           15
NOR2X1_RVT     lib_cell         82      1.52      1.67       2.541     1.967 unit           10
AND4X2_RVT     lib_cell         81      2.28      1.67       3.812     1.836 unit           15
OAI221X1_RVT   lib_cell         74      2.13      1.67       3.558     2.248 unit           14
SRAM1RW512x32  macro            72    204.68    247.54   50667.682     0.002
NOR2X2_RVT     lib_cell         68      1.67      1.67       2.796     1.789 unit           11
OAI22X2_RVT    lib_cell         63      1.98      1.67       3.304     2.119 unit           13
AOI221X2_RVT   lib_cell         61      2.28      1.67       3.812     2.099 unit           15
NAND3X4_RVT    lib_cell         61      2.13      1.67       3.558     1.686 unit           14
MUX21X2_RVT    lib_cell         57      2.13      1.67       3.558     1.686 unit           14
OR3X4_RVT      lib_cell         57      2.43      1.67       4.066     1.476 unit           16
NAND2X1_RVT    lib_cell         56      1.52      1.67       2.541     1.967 unit           10
XOR2X2_RVT     lib_cell         55      2.74      1.67       4.575     1.093 unit           18
TNBUFFX1_RVT   lib_cell         52      1.98      1.67       3.304     1.513 unit           13
OR4X4_RVT      lib_cell         48      2.58      1.67       4.320     1.620 unit           17
FADDX2_RVT     lib_cell         45      3.19      1.67       5.337     1.312 unit           21
NOR3X4_RVT     lib_cell         39      2.13      1.67       3.558     1.686 unit           14
DFFNARX1_RVT   lib_cell         37      4.26      1.67       7.116     0.984 unit           28
NAND3X1_RVT    lib_cell         36      1.67      1.67       2.796     2.146 unit           11
OAI222X1_RVT   lib_cell         33      2.28      1.67       3.812     2.361 unit           15
AOI21X2_RVT    lib_cell         31      1.98      1.67       3.304     1.816 unit           13
OA221X2_RVT    lib_cell         29      1.98      1.67       3.304     2.421 unit           13
AOI22X2_RVT    lib_cell         27      1.98      1.67       3.304     2.119 unit           13
NOR2X4_RVT     lib_cell         24      1.98      1.67       3.304     1.513 unit           13
OA22X2_RVT     lib_cell         23      1.67      1.67       2.796     2.504 unit           11
IBUFFX16_RVT   lib_cell         21      3.95      1.67       6.608     0.605 unit           26
IBUFFX8_RVT    lib_cell         21      2.58      1.67       4.320     0.926 unit           17
OAI21X2_RVT    lib_cell         21      1.98      1.67       3.304     1.816 unit           13
NAND4X1_RVT    lib_cell         19      1.82      1.67       3.050     2.295 unit           12
IBUFFX2_RVT    lib_cell         17      1.52      1.67       2.541     1.574 unit           10
AND4X4_RVT     lib_cell         16      2.58      1.67       4.320     1.620 unit           17
NOR3X2_RVT     lib_cell         15      1.82      1.67       3.050     1.967 unit           12
XOR3X1_RVT     lib_cell         15      4.26      1.67       7.116     0.843 unit           28
OA222X2_RVT    lib_cell         13      2.13      1.67       3.558     2.529 unit           14
AOI222X2_RVT   lib_cell         13      2.43      1.67       4.066     2.213 unit           16
XNOR2X2_RVT    lib_cell         13      2.74      1.67       4.575     1.093 unit           18
DFFNASX1_RVT   lib_cell         11      4.26      1.67       7.116     0.984 unit           28
MUX41X1_RVT    lib_cell          8      3.34      1.67       5.591     1.610 unit           22
DELLN2X2_RVT   lib_cell          7      3.95      1.67       6.608     0.605 unit           26
DFFNX1_RVT     lib_cell          7      3.95      1.67       6.608     0.908 unit           26
XNOR3X2_RVT    lib_cell          6      3.80      1.67       6.354     0.944 unit           25
OAI221X2_RVT   lib_cell          4      2.28      1.67       3.812     2.099 unit           15
OAI222X2_RVT   lib_cell          3      2.43      1.67       4.066     2.213 unit           16
IBUFFX4_RVT    lib_cell          2      1.82      1.67       3.050     1.312 unit           12
DFFX2_RVT      lib_cell          2      4.26      1.67       7.116     0.843 unit           28
TNBUFFX8_RVT   lib_cell          1      3.50      1.67       5.845     0.855 unit           23
XOR3X2_RVT     lib_cell          1      4.41      1.67       7.370     0.814 unit           29
NOR3X1_RVT     lib_cell          1      1.67      1.67       2.796     2.146 unit           11
DELLN3X2_RVT   lib_cell          1      5.78      1.67       9.657     0.414 unit           38

NET INFORMATION
------------------------------------------------------------------
NetType                 Count FloatingNets         Vias Nets/Cells
------------------------------------------------------------------
Total                  206478          980      3157389      0.125
Signal                 205152          662      1756737      0.124
Power                       1            0       642560      0.000
Ground                      1            0       644821      0.000
Analog Signal               0            0            0      0.000
Analog Ground               0            0            0      0.000
Analog Power                0            0            0      0.000
Clock                    1009            3       113271      0.001
Tie Low                   136          136            0      0.000
Tie High                  179          179            0      0.000
Others                      0            0            0      0.000

NET FANOUT AND PIN COUNT INFORMATION
---------------------------------------------------
Fanout        Netcount     netPinCount     NetCount
---------------------------------------------------
<2              126973     <2                   980
2                38134     2                 125994
3                15152     3                  38133
4                 7228     4                  15152
5                 3300     5                   7228
6-10              7533     6-10               10114
11-20             2988     11-20               3498
21-30             2447     21-30               2416
31-50             2345     31-50               2585
51-100             307     51-100               307
101-500             69     101-500               69
501-1000             0     501-1000               0
>1000                2     >1000                  2

PORT AND PIN INFORMATION
------------------------------------------------------------------------------
Type         Total     Input    Output     Inout      3-st     Power    Ground
------------------------------------------------------------------------------
Total      4292799   4056029    236770         0      2357   1812673   1651810
Macro         5688      3384      2304         0      2304        72        72
Ports           58        58        56        56         0         1         1
------------------------------------------------------------------------------

--------------------------------------------------------------------------------
                              FLOORPLAN INFORMATION
--------------------------------------------------------------------------------

CORE AND CHIP AREA INFORMATION
---------------------------
Core Area is :  7421374.325
Chip Area is :  7557110.677
---------------------------

SITE ROW INFORMATION
-----------------------------------------------------------------------
Site Name    Width    Height   Total Rows     Total Tiles          Area
-----------------------------------------------------------------------
unit          0.15      1.67         1629        29201454   7421374.325
-----------------------------------------------------------------------

BLOCKAGE INFORMATION
------------------------------------------------
Blockage Type                Count          Area
------------------------------------------------
Hard placement                   0         0.000
Soft placement                   0         0.000
Hard macro                       0         0.000
Partial placement                0         0.000
Register                         0         0.000
Placement allow Buffer Only      0         0.000
Placement allow RP Group Only
                                 0         0.000
RP Group                         0         0.000
Category                         0         0.000
Routing                          0         0.000
Routing for Top                  0         0.000
Routing For Design Rule          0         0.000
Shaping                          0         0.000
------------------------------------------------

POWER DOMAIN INFORMATION
--------------------------------------------------------------------
Power Domain Name    VA Name         Primary Power Net Primary Ground Net
--------------------------------------------------------------------
DEFAULT_POWER_DOMAIN DEFAULT_VA      VDD               VSS
--------------------------------------------------------------------

VOLTAGE AREA INFORMATION
-------------------------------------------------------------------------------------
VA Name          Number             Area       Target    bbox    bbox    bbox    bbox
              of shapes                   Utilization     llx     lly     urx     ury
-------------------------------------------------------------------------------------
DEFAULT_VA            1      7421374.325         1.00   12.40   12.40 2737.15 2736.09
-------------------------------------------------------------------------------------

GROUP BOUND INFORMATION
----------------------------------------
No Group Bound exists

EXCLUSIVE MOVEBOUND INFORMATION
----------------------------------------
No Exclusive MoveBound exists.

HARD AND SOFT MOVEBOUND INFORMATION
----------------------------------------
No Hard Or Soft MoveBound exists.

ROUTE GUIDE INFORMATION
------------------------------------------------
Route Guide Type             Count          Area
------------------------------------------------
Extra Detour Region              0         0.000
Over icovl CellLayers            0         0.000
River Routing                    0         0.000
Area Double Via                  0         0.000
Access Preference                0         0.000
Default                          0         0.000
Switched Direction Only          0         0.000
Max Patterns                     0         0.000
Others                           0         0.000
------------------------------------------------

MULTIBIT REGISTER INFORMATION
-----------------------------------------------
No Multibit cells exist

MULTIBIT LS/ISO CELLS INFORMATION
-----------------------------------------------
No Multibit cells exist

RP GROUP INFORMATION
----------------------------------------
No RP Group exists

LAYER INFORMATION
--------------------------------------------------------------------------
Layer Name Direction Ignored Pitch  default minWidth minSpacing    sameNet
                                      Width                     MinSpacing
--------------------------------------------------------------------------
M1         Ver       NO       0.15     0.05     0.05       0.05       0.00
M2         Hor       NO       0.15     0.06     0.06       0.06       0.06
M3         Ver       NO       0.30     0.06     0.06       0.06       0.06
M4         Hor       NO       0.30     0.06     0.06       0.06       0.06
M5         Ver       NO       0.61     0.06     0.06       0.06       0.06
M6         Hor       NO       0.61     0.06     0.06       0.06       0.06
M7         Ver       NO       1.22     0.06     0.06       0.06       0.06
M8         Hor       NO       1.22     0.06     0.06       0.06       0.06
M9         Ver       NO       2.43     0.16     0.16       0.16       0.00
MRDL       Hor       YES      4.86     2.00     2.00       2.00       0.00
--------------------------------------------------------------------------
--------------------------------------------------------------------------------
                              ROUTING INFORMATION
--------------------------------------------------------------------------------

Total wire length = 9846063.97 micron
Total number of wires = 1819186
Total number of contacts = 3157389

FINAL WIRING STATISTICS

Signal Wiring Statistics

Metal layer     Num wires  % of total#  Wire length % of total length
PO                      0        0.00%         0.00             0.00%
M1                 133428        7.98%    165342.23             1.74%
M2                 886347       53.01%   3304846.34            34.75%
M3                 556797       33.30%   2867418.06            30.15%
M4                  54596        3.27%   1156774.67            12.16%
M5                  26584        1.59%   1065765.52            11.21%
M6                   8489        0.51%    409576.42             4.31%
M7                   4152        0.25%    380065.47             4.00%
M8                   1018        0.06%     36725.70             0.39%
M9                    583        0.03%    123332.30             1.30%
MRDL                    0        0.00%         0.00             0.00%

Clock wiring statistics

Metal layer     Num wires  % of total#  Wire length % of total length
PO                      0        0.00%         0.00             0.00%
M1                   7015        4.77%      1659.63             0.49%
M2                  47060       31.97%    107458.60            31.96%
M3                  67717       46.01%    177950.34            52.93%
M4                  25177       17.10%     48806.11            14.52%
M5                    191        0.13%       310.41             0.09%
M6                     32        0.02%        32.16             0.01%
M7                      0        0.00%         0.00             0.00%
M8                      0        0.00%         0.00             0.00%
M9                      0        0.00%         0.00             0.00%
MRDL                    0        0.00%         0.00             0.00%

P/G wiring statistics

Metal layer     Num wires  % of total#  Wire length % of total length
PO                      0        0.00%         0.00             0.00%
M1                  39654       77.59%   2033596.07            53.22%
M2                   9876       19.32%      5344.35             0.14%
M3                    687        1.34%       584.01             0.02%
M4                      1        0.00%         1.52             0.00%
M5                      0        0.00%         0.00             0.00%
M6                    233        0.46%        34.02             0.00%
M7                    545        1.07%   1484409.96            38.85%
M8                    109        0.21%    296997.97             7.77%
M9                      0        0.00%         0.00             0.00%
MRDL                    0        0.00%         0.00             0.00%

Horizontal/Vertical Wire Distribution

Metal layer  Hor. length  % of hor.    Ver. length  % of ver.
PO                   0.00        0.00%         0.00        0.00%
M1                6518.60        0.13%    158823.63        3.45%
M2             3282666.57       66.98%     22179.77        0.48%
M3                8995.11        0.18%   2858422.95       62.02%
M4             1156112.85       23.59%       661.83        0.01%
M5                 527.48        0.01%   1065238.04       23.11%
M6              409298.25        8.35%       278.17        0.01%
M7                 106.55        0.00%    379958.92        8.24%
M8               36684.36        0.75%        41.34        0.00%
M9                  17.02        0.00%    123315.28        2.68%
MRDL                 0.00        0.00%         0.00        0.00%

FINAL VIA STATISTICS

Via layer    Via def name                Count        % of layer vias
VIA1         VIA12SQ_C(rot)                     17532        1.77%
VIA1         VIA12SQ_C                           1548        0.16%
VIA1         VIA12BAR                              10        0.00%
VIA1         VIA12BAR_C(rot)                       49        0.00%
VIA1         VIA12BAR(rot)                          6        0.00%
VIA1         VIA12BAR_C                             4        0.00%
VIA1         VIA12SQ_C(rot)(2X1)               336258       33.92%
VIA1         VIA12SQ_C(rot)(1X2)               236955       23.90%
VIA1         VIA12SQ_C(1X3)                    201525       20.33%
VIA1         VIA12SQ_C(2X1)                    113212       11.42%
VIA1         VIA12SQ_C(1X2)                     83937        8.47%
VIA1         VIA12SQ(rot)(1X2)                    241        0.02%
VIA1         VIA12SQ(1X2)                          14        0.00%
  Double via conversion rate for layer VIA1 = 98.07% (972142 / 991291 vias)
    Among them, double via conversion rate of detail route vias for layer VIA1 = 97.58% (770617 / 789766 vias)

VIA2         VIA23SQ_C                           2187        0.19%
VIA2         VIA23SQ_C(rot)                        19        0.00%
VIA2         VIA23SQ_C(1X2)                    915495       81.27%
VIA2         VIA23SQ_C(1X3)                    201525       17.89%
VIA2         VIA23SQ_C(rot)(2X1)                 2893        0.26%
VIA2         VIA23SQ_C(2X1)                      3854        0.34%
VIA2         VIA23SQ_C(rot)(1X2)                  497        0.04%
  Double via conversion rate for layer VIA2 = 99.80% (1124264 / 1126470 vias)
    Among them, double via conversion rate of detail route vias for layer VIA2 = 99.76% (922739 / 924945 vias)

VIA3         VIA34SQ_C(rot)                        19        0.01%
VIA3         VIA34SQ_C                            105        0.03%
VIA3         VIA34SQ_C(1X3)                    201528       65.18%
VIA3         VIA34SQ_C(rot)(1X2)               106977       34.60%
VIA3         VIA34SQ_C(rot)(2X1)                  210        0.07%
VIA3         VIA34SQ_C(2X1)                       317        0.10%
VIA3         VIA34SQ_C(1X2)                        49        0.02%
  Double via conversion rate for layer VIA3 = 99.96% (309081 / 309205 vias)
    Among them, double via conversion rate of detail route vias for layer VIA3 = 99.88% (107553 / 107677 vias)

VIA4         VIA45SQ_C                              5        0.00%
VIA4         VIA45SQ_C(1X3)                    201535       82.13%
VIA4         VIA45SQ_C(1X2)                     43810       17.85%
VIA4         VIA45SQ_C(2X1)                        28        0.01%
VIA4         VIA45SQ_C(rot)(2X1)                    6        0.00%
  Double via conversion rate for layer VIA4 = 100.00% (245379 / 245384 vias)
    Among them, double via conversion rate of detail route vias for layer VIA4 = 99.99% (43844 / 43849 vias)

VIA5         VIA56BAR_C                           233        0.11%
VIA5         VIA56SQ_C(rot)                         1        0.00%
VIA5         VIA56LG_C(2X1)                      4821        2.22%
VIA5         VIA56SQ_C(1X3)                    201535       92.83%
VIA5         VIA56SQ_C(rot)(1X2)                10226        4.71%
VIA5         VIA56SQ_C(rot)(2X1)                  120        0.06%
VIA5         VIA56SQ_C(2X1)                       146        0.07%
VIA5         VIA56SQ(rot)(1X2)                      5        0.00%
VIA5         VIA56SQ_C(1X2)                         4        0.00%
  Double via conversion rate for layer VIA5 = 99.89% (216857 / 217091 vias)
    Among them, double via conversion rate of detail route vias for layer VIA5 = 99.99% (10501 / 10502 vias)

VIA6         VIA67BAR_C                           233        0.11%
VIA6         VIA67LG_C(2X1)                      4821        2.25%
VIA6         VIA67BAR_C(1X3)                   201535       94.17%
VIA6         VIA67SQ_C(1X2)                      7398        3.46%
VIA6         VIA67SQ_C(2X1)                        16        0.01%
  Double via conversion rate for layer VIA6 = 99.89% (213770 / 214003 vias)
    Among them, double via conversion rate of detail route vias for layer VIA6 = 100.00% (7414 / 7414 vias)

VIA7         VIA78LG_C(16X5)                     8970       16.98%
VIA7         VIA78LG_C(5X5)                      1843        3.49%
VIA7         VIA78LG_C(2X5)                      1635        3.10%
VIA7         VIA78LG_C(27X5)                    15969       30.24%
VIA7         VIA78LG_C(3X5)                      1486        2.81%
VIA7         VIA78LG_C(4X5)                      1874        3.55%
VIA7         VIA78LG_C(6X5)                      1540        2.92%
VIA7         VIA78LG_C(1X5)                      1589        3.01%
VIA7         VIA78LG_C(7X5)                      1606        3.04%
VIA7         VIA78LG_C(8X5)                      1860        3.52%
VIA7         VIA78LG_C(17X5)                     1086        2.06%
VIA7         VIA78LG_C(9X5)                      1598        3.03%
VIA7         VIA78LG_C(15X5)                     1449        2.74%
VIA7         VIA78LG_C(10X5)                     1420        2.69%
VIA7         VIA78LG_C(11X5)                     1116        2.11%
VIA7         VIA78LG_C(14X5)                     1181        2.24%
VIA7         VIA78LG_C(12X5)                     1057        2.00%
VIA7         VIA78LG_C(13X5)                     1158        2.19%
VIA7         VIA78LG_C(21X5)                       86        0.16%
VIA7         VIA78LG_C(27X4)                        2        0.00%
VIA7         VIA78LG_C(2X1)                      2694        5.10%
VIA7         VIA78SQ_C(rot)(1X2)                 1594        3.02%
VIA7         VIA78SQ_C(rot)(2X1)                    1        0.00%
  Double via conversion rate for layer VIA7 = 100.00% (52814 / 52814 vias)
    Among them, double via conversion rate of detail route vias for layer VIA7 = 100.00% (1595 / 1595 vias)

VIA8         VIA89_C                                4        0.35%
VIA8         VIA89_C(1X2)                         979       86.56%
VIA8         VIA89_C(2X1)                         142       12.56%
VIA8         VIA89(rot)(2X1)                        5        0.44%
VIA8         VIA89(1X2)                             1        0.09%
  Double via conversion rate for layer VIA8 = 99.65% (1127 / 1131 vias)
    Among them, double via conversion rate of detail route vias for layer VIA8 = 99.65% (1127 / 1131 vias)


Custom Via Statistics

No custom vias found in the design.
Overall double via conversion rate = 99.30%
  Among them, overall double via conversion rate of detail route vias = 98.86% (1865390 / 1886879 vias)
  *Detail route vias are vias whose shape_use is detail_route.

Via Matrix Statistics

No via matrices found in the design.

FINAL DRC STATISTICS

DRC-SUMMARY:
	@@@@@@@ TOTAL VIOLATIONS =	0
Total number of nets = 206117
0 open nets, of which 0 are frozen
Total number of excluded ports = 0 ports of 0 unplaced cells connected to 0 nets
                                 0 ports without pins of 0 cells connected to 0 nets
                                 0 ports of 0 cover cells connected to 0 non-pg nets
Total number of DRCs = 0
Total number of antenna violations = antenna checking not active
1
